#-------------------------------------------------------------------------------------------------------
# MSA RF00028_Intron_gpI nseq 12 (12) alen 265 (891) avgid 44.79 (33.69) nbpairs 61 (61)
# Two-set statistical test (one test for annotated basepairs, another for all other pairs)
#
# contacts  61 (61 bpairs 61 wc bpairs)
#
# Method Target_E-val [cov_min,cov_max] [FP | TP True Found | Sen PPV F] 
# GTp    0.05         [-7.44,15.88]     [0 | 8 61 8 | 13.11 100.00 23.19] 
#
#       left_pos       right_pos        score          E-value       substitutions      power
#-------------------------------------------------------------------------------------------------------
*	     879	     886	15.88057	7.52137e-05	22		0.23
*	     249	     421	14.49271	0.000390942	20		0.20
*	     239	     430	13.39671	0.00138997	10		0.08
*	     242	     428	12.54235	0.00360475	6		0.03
*	     877	     888	12.50037	0.0038238	16		0.16
*	     574	     853	11.88572	0.00770243	16		0.16
*	     572	     855	11.75556	0.00864101	15		0.14
*	     501	     869	10.76878	0.0244514	13		0.12

# The predicted cyk-cov structure
# left_pos      right_pos    substitutions      power
#--------------------------------------------------------
# 6		51		13		0.12
# 7		50		15		0.14
# 8		49		17		0.17
# 9		48		16		0.16
# 42		56		15		0.14
# 43		55		15		0.14
# 44		54		16		0.16
# 45		53		16		0.16
# 46		52		13		0.12
# 113		486		13		0.12
# 114		485		15		0.14
# 115		484		14		0.13
# 116		483		12		0.11
# 117		482		17		0.17
# 118		481		14		0.13
# 119		458		12		0.11
# 230		435		6		0.03
# 231		434		11		0.09
# 232		433		8		0.05
# 233		432		3		0.00
# 238		431		0		0.00
# 239		430		10		0.08
# 241		429		10		0.08
# 242		428		6		0.03
# 243		426		10		0.08
# 247		422		14		0.13
# 249		421		20		0.20
# 250		420		6		0.03
# 493		876		15		0.14
# 494		875		11		0.09
# 495		874		15		0.14
# 496		873		8		0.05
# 497		872		10		0.08
# 498		871		14		0.13
# 501		869		13		0.12
# 503		868		0		0.00
# 504		867		1		0.00
# 505		866		0		0.00
# 506		865		2		0.00
# 507		864		10		0.08
# 570		857		11		0.09
# 571		856		7		0.04
# 572		855		15		0.14
# 573		854		13		0.12
# 574		853		16		0.16
# 575		852		7		0.04
# 587		627		22		0.23
# 588		626		20		0.20
# 589		625		14		0.13
# 590		624		18		0.18
# 591		623		16		0.16
# 877		888		16		0.16
# 879		886		22		0.23
# 880		885		18		0.18
#
# BPAIRS 54
# avg substitutions per BP  12.1
# BPAIRS expected to covary 5.9
# BPAIRS observed to covary 8
#
#
# Method Target_E-val [cov_min,cov_max] [FP | TP True Found | Sen PPV F] 
# GTp    0.05         [-7.44,15.88]     [0 | 8 54 8 | 14.81 100.00 25.81] 
#
# in_cyk in_given   left_pos       right_pos      score           E-value    substitutions      power
#----------------------------------------------------------------------------------------------------------------
*	*	       879	       886	15.88057	7.52137e-05	22		0.23
*	*	       249	       421	14.49271	0.000390942	20		0.20
*	*	       239	       430	13.39671	0.00138997	10		0.08
*	*	       242	       428	12.54235	0.00360475	6		0.03
*	*	       877	       888	12.50037	0.0038238	16		0.16
*	*	       574	       853	11.88572	0.00770243	16		0.16
*	*	       572	       855	11.75556	0.00864101	15		0.14
*	*	       501	       869	10.76878	0.0244514	13		0.12
