#-------------------------------------------------------------------------------------------------------
# MSA RF00162_red_1 nseq 4757 (4757) alen 107 (107) avgid 66.24 (66.24) nbpairs 0 (0)
# One-set statistical test (all pairs are tested as equivalent) 
#
# contacts  0 (0 bpairs 0 wc bpairs)
#
# Method Target_E-val [cov_min,cov_max] [FP | TP True Found | Sen PPV F] 
# GTp    0.05         [-7.48,6948.65]     [26 | 0 0 26 | 0.00 0.00 0.00] 
#
#       left_pos       right_pos        score          E-value       substitutions      power
#-------------------------------------------------------------------------------------------------------
~	      51	      61	6948.65331	8.24307e-18	6706		1.00
~	      82	      94	6915.68633	1.03397e-17	5709		1.00
~	      83	      93	6779.70038	2.65034e-17	6690		1.00
~	      81	      95	6204.87184	1.40828e-15	4018		1.00
~	      50	      62	5885.87265	1.28608e-14	7416		1.00
~	      15	      40	4268.17146	9.06497e-10	2041		1.00
~	      17	      38	4187.20800	1.57962e-09	5119		1.00
~	      16	      39	4131.28109	2.31383e-09	1370		1.00
~	      75	      99	3777.21945	2.62162e-08	2864		1.00
~	      84	      92	3709.64380	4.1853e-08	7699		1.00
~	      13	      41	3704.46467	4.33284e-08	1644		1.00
~	      48	      66	3545.53126	1.28993e-07	2952		1.00
~	      52	      60	3492.90844	1.85532e-07	7923		1.00
~	      22	      30	3452.76489	2.44715e-07	768		1.00
~	      26	      78	3440.60975	2.66828e-07	6107		1.00
~	      49	      63	3330.06698	5.71144e-07	7274		1.00
~	      80	      96	2935.91569	8.44838e-06	2257		1.00
~	       3	     105	2916.69051	9.6981e-06	2063		1.00
~	      42	      71	2274.47721	0.000776099	4754		1.00
~	      85	      91	2066.19071	0.00320247	7760		1.00
~	      18	      37	2062.76195	0.0032575	4373		1.00
~	       8	     100	2051.68147	0.0034872	1760		1.00
~	       4	     104	2013.31475	0.00450178	1201		1.00
~	      27	      77	1792.68655	0.0200222	2486		1.00
~	      25	      79	1720.34940	0.0326524	4411		1.00
~	       1	     107	1672.04672	0.0449438	6744		1.00

# The predicted cyk-cov structure
# left_pos      right_pos    substitutions      power
#--------------------------------------------------------
# 1		107		6744		1.00
# 2		106		5114		1.00
# 3		105		2063		1.00
# 4		104		1201		1.00
# 5		103		3114		1.00
# 6		102		23		0.24
# 7		101		23		0.24
# 8		100		1760		1.00
# 13		41		1644		1.00
# 15		40		2041		1.00
# 16		39		1370		1.00
# 17		38		5119		1.00
# 18		37		4373		1.00
# 21		31		227		0.99
# 22		30		768		1.00
# 23		29		532		1.00
# 25		79		4411		1.00
# 26		78		6107		1.00
# 27		77		2486		1.00
# 28		76		1074		1.00
# 42		71		4754		1.00
# 43		70		280		1.00
# 44		69		6		0.03
# 46		68		808		1.00
# 47		67		166		0.93
# 48		66		2952		1.00
# 49		63		7274		1.00
# 50		62		7416		1.00
# 51		61		6706		1.00
# 52		60		7923		1.00
# 53		59		7527		1.00
# 75		99		2864		1.00
# 80		96		2257		1.00
# 81		95		4018		1.00
# 82		94		5709		1.00
# 83		93		6690		1.00
# 84		92		7699		1.00
# 85		91		7760		1.00
#
# BPAIRS 38
# avg substitutions per BP  3500.1
# BPAIRS expected to covary 35.4
# BPAIRS observed to covary 26
#
#
# Method Target_E-val [cov_min,cov_max] [FP | TP True Found | Sen PPV F] 
# GTp    0.05         [-7.48,6948.65]     [0 | 26 38 26 | 68.42 100.00 81.25] 
#
# in_cyk in_given   left_pos       right_pos      score           E-value    substitutions      power
#----------------------------------------------------------------------------------------------------------------
*	~	        51	        61	6948.65331	8.24307e-18	6706		1.00
*	~	        82	        94	6915.68633	1.03397e-17	5709		1.00
*	~	        83	        93	6779.70038	2.65034e-17	6690		1.00
*	~	        81	        95	6204.87184	1.40828e-15	4018		1.00
*	~	        50	        62	5885.87265	1.28608e-14	7416		1.00
*	~	        15	        40	4268.17146	9.06497e-10	2041		1.00
*	~	        17	        38	4187.20800	1.57962e-09	5119		1.00
*	~	        16	        39	4131.28109	2.31383e-09	1370		1.00
*	~	        75	        99	3777.21945	2.62162e-08	2864		1.00
*	~	        84	        92	3709.64380	4.1853e-08	7699		1.00
*	~	        13	        41	3704.46467	4.33284e-08	1644		1.00
*	~	        48	        66	3545.53126	1.28993e-07	2952		1.00
*	~	        52	        60	3492.90844	1.85532e-07	7923		1.00
*	~	        22	        30	3452.76489	2.44715e-07	768		1.00
*	~	        26	        78	3440.60975	2.66828e-07	6107		1.00
*	~	        49	        63	3330.06698	5.71144e-07	7274		1.00
*	~	        80	        96	2935.91569	8.44838e-06	2257		1.00
*	~	         3	       105	2916.69051	9.6981e-06	2063		1.00
*	~	        42	        71	2274.47721	0.000776099	4754		1.00
*	~	        85	        91	2066.19071	0.00320247	7760		1.00
*	~	        18	        37	2062.76195	0.0032575	4373		1.00
*	~	         8	       100	2051.68147	0.0034872	1760		1.00
*	~	         4	       104	2013.31475	0.00450178	1201		1.00
*	~	        27	        77	1792.68655	0.0200222	2486		1.00
*	~	        25	        79	1720.34940	0.0326524	4411		1.00
*	~	         1	       107	1672.04672	0.0449438	6744		1.00
