#-------------------------------------------------------------------------------------------------------
# MSA RF00005_red_1 nseq 298470 (298470) alen 72 (72) avgid 60.21 (60.21) nbpairs 0 (0)
# One-set statistical test (all pairs are tested as equivalent) 
#
# contacts  0 (0 bpairs 0 wc bpairs)
#
# Method Target_E-val [cov_min,cov_max] [FP | TP True Found | Sen PPV F] 
# GTp    0.05         [99.20,467986.96]     [32 | 0 0 32 | 0.00 0.00 0.00] 
#
#       left_pos       right_pos        score          E-value       substitutions      power
#-------------------------------------------------------------------------------------------------------
~	      30	      38	467986.95705	1.10826e-27	326873		1.00
~	       2	      70	465102.66199	1.66833e-27	302896		1.00
~	      49	      63	464133.31354	1.92209e-27	361728		1.00
~	      12	      22	458393.66051	4.4249e-27	245010		1.00
~	       4	      68	449097.92136	1.68543e-26	330567		1.00
~	      50	      62	424200.95681	6.09365e-25	271523		1.00
~	       3	      69	398640.39006	2.42349e-23	365586		1.00
~	      28	      40	396271.42465	3.42649e-23	397319		1.00
~	       6	      66	388590.14123	1.03146e-22	414162		1.00
~	       5	      67	377269.10044	5.30389e-22	420428		1.00
~	      48	      64	368053.16913	1.99092e-21	357855		1.00
~	       7	      65	359061.83675	7.24273e-21	404836		1.00
~	      27	      41	349071.73212	3.08483e-20	378577		1.00
~	      11	      23	296695.45083	5.948e-17	165578		1.00
~	       1	      71	268551.31408	3.42557e-15	195030		1.00
~	      26	      42	236840.21057	3.38545e-13	322798		1.00
~	      29	      39	234466.18524	4.71691e-13	224718		1.00
~	      13	      21	180887.18774	1.11093e-09	211520		1.00
~	      51	      61	148242.84095	1.27318e-07	126797		1.00
~	      15	      47	139272.33579	4.68608e-07	136198		1.00
~	      12	      13	107872.44099	4.62215e-05	236689		1.00
~	      10	      24	104698.01223	7.35192e-05	100148		1.00
~	      13	      22	100542.94160	0.000135146	237795		1.00
~	       9	      22	82226.92380	0.00198624	251240		1.00
~	       9	      12	75536.80117	0.00542651	250134		1.00
~	      13	      45	72686.72323	0.0082854	202652		1.00
~	      13	      43	72151.42187	0.00898914	277189		1.00
~	      21	      22	70563.05032	0.011297	219841		1.00
~	      12	      21	70621.07986	0.011297	218735		1.00
~	      25	      43	67957.80122	0.0167312	325840		1.00
~	      13	      44	63266.52082	0.0339429	229714		1.00
~	      30	      35	60871.98637	0.0488595	376891		1.00
