#-------------------------------------------------------------------------------------------------------
# MSA RF00059_red_1 nseq 11197 (11197) alen 104 (104) avgid 54.73 (54.73) nbpairs 0 (0)
# One-set statistical test (all pairs are tested as equivalent) 
#
# contacts  0 (0 bpairs 0 wc bpairs)
#
# Method Target_E-val [cov_min,cov_max] [FP | TP True Found | Sen PPV F] 
# GTp    0.05         [-5.43,19294.44]     [39 | 0 0 39 | 0.00 0.00 0.00] 
#
#       left_pos       right_pos        score          E-value       substitutions      power
#-------------------------------------------------------------------------------------------------------
~	      67	      78	19294.43807	1.64326e-52	14357		1.00
~	       9	      89	17270.33499	1.53613e-46	16678		1.00
~	       8	      90	15419.46048	4.39565e-41	16700		1.00
~	      68	      77	14731.14512	4.60687e-39	9906		1.00
~	      10	      88	14122.49680	2.93747e-37	14944		1.00
~	      11	      54	12340.52889	5.06618e-32	15185		1.00
~	       7	      91	12131.55590	2.10723e-31	17146		1.00
~	      38	      47	12087.29000	2.87262e-31	17171		1.00
~	      40	      45	11223.53414	1.00246e-28	17287		1.00
~	      39	      46	11062.28800	2.96376e-28	16171		1.00
~	      20	      28	10735.13799	2.75536e-27	17689		1.00
~	      12	      53	9923.78977	6.60575e-25	5999		1.00
~	      18	      30	8668.48927	3.27141e-21	5855		1.00
~	      66	      79	8226.97677	6.36312e-20	8427		1.00
~	      19	      29	7801.30698	1.12667e-18	12615		1.00
~	      21	      27	7683.29703	2.51554e-18	18959		1.00
~	      41	      44	7638.26201	3.426e-18	17018		1.00
~	      37	      48	6699.11314	1.97975e-15	16905		1.00
~	      14	      51	6468.98249	9.2549e-15	4787		1.00
~	      61	      84	6004.14577	2.14694e-13	2603		1.00
~	       6	      92	4996.17710	1.87008e-10	17649		1.00
~	      70	      75	4848.60606	5.1535e-10	14741		1.00
~	      17	      31	4513.01593	4.8424e-09	1754		1.00
~	      42	      43	4508.13081	4.9932e-09	17257		1.00
~	      16	      49	4030.29054	1.24487e-07	13710		1.00
~	      69	      76	3825.52006	4.77805e-07	1268		1.00
~	      13	      52	3795.81886	5.91703e-07	1748		1.00
~	      37	      38	3098.21264	6.04846e-05	17215		1.00
~	      56	      57	3032.55473	9.52941e-05	14276		1.00
~	      70	      73	2777.94949	0.000517734	11851		1.00
~	      22	      26	2723.50221	0.000721205	19176		1.00
~	      62	      83	2667.84704	0.00106652	1732		1.00
~	      16	      37	2262.62967	0.0147971	14288		1.00
~	      48	      49	2250.91469	0.0161732	16327		1.00
~	      57	      58	2228.77865	0.0187544	11126		1.00
~	      41	      49	2175.53102	0.0259593	16367		1.00
~	      44	      49	2143.53278	0.0319098	16211		1.00
~	      45	      49	2112.78143	0.0392075	16311		1.00
~	      30	      53	2075.37359	0.0495845	5542		1.00

# The predicted cyk-cov structure
# left_pos      right_pos    substitutions      power
#--------------------------------------------------------
# 6		92		17649		1.00
# 7		91		17146		1.00
# 8		90		16700		1.00
# 9		89		16678		1.00
# 10		88		14944		1.00
# 11		54		15185		1.00
# 12		53		5999		1.00
# 13		52		1748		1.00
# 14		51		4787		1.00
# 15		50		1703		1.00
# 16		49		13710		1.00
# 17		31		1754		1.00
# 18		30		5855		1.00
# 19		29		12615		1.00
# 20		28		17689		1.00
# 21		27		18959		1.00
# 22		26		19176		1.00
# 37		48		16905		1.00
# 38		47		17171		1.00
# 39		46		16171		1.00
# 40		45		17287		1.00
# 41		44		17018		1.00
# 60		85		349		1.00
# 61		84		2603		1.00
# 62		83		1732		1.00
# 63		82		7916		1.00
# 66		79		8427		1.00
# 67		78		14357		1.00
# 68		77		9906		1.00
# 69		76		1268		1.00
# 70		75		14741		1.00
#
# BPAIRS 31
# avg substitutions per BP  11230.6
# BPAIRS expected to covary 31.0
# BPAIRS observed to covary 28
#
#
# Method Target_E-val [cov_min,cov_max] [FP | TP True Found | Sen PPV F] 
# GTp    0.05         [-5.43,19294.44]     [11 | 28 31 39 | 90.32 71.79 80.00] 
#
# in_cyk in_given   left_pos       right_pos      score           E-value    substitutions      power
#----------------------------------------------------------------------------------------------------------------
*	~	        67	        78	19294.43807	1.64326e-52	14357		1.00
*	~	         9	        89	17270.33499	1.53613e-46	16678		1.00
*	~	         8	        90	15419.46048	4.39565e-41	16700		1.00
*	~	        68	        77	14731.14512	4.60687e-39	9906		1.00
*	~	        10	        88	14122.49680	2.93747e-37	14944		1.00
*	~	        11	        54	12340.52889	5.06618e-32	15185		1.00
*	~	         7	        91	12131.55590	2.10723e-31	17146		1.00
*	~	        38	        47	12087.29000	2.87262e-31	17171		1.00
*	~	        40	        45	11223.53414	1.00246e-28	17287		1.00
*	~	        39	        46	11062.28800	2.96376e-28	16171		1.00
*	~	        20	        28	10735.13799	2.75536e-27	17689		1.00
*	~	        12	        53	9923.78977	6.60575e-25	5999		1.00
*	~	        18	        30	8668.48927	3.27141e-21	5855		1.00
*	~	        66	        79	8226.97677	6.36312e-20	8427		1.00
*	~	        19	        29	7801.30698	1.12667e-18	12615		1.00
*	~	        21	        27	7683.29703	2.51554e-18	18959		1.00
*	~	        41	        44	7638.26201	3.426e-18	17018		1.00
*	~	        37	        48	6699.11314	1.97975e-15	16905		1.00
*	~	        14	        51	6468.98249	9.2549e-15	4787		1.00
*	~	        61	        84	6004.14577	2.14694e-13	2603		1.00
*	~	         6	        92	4996.17710	1.87008e-10	17649		1.00
*	~	        70	        75	4848.60606	5.1535e-10	14741		1.00
*	~	        17	        31	4513.01593	4.8424e-09	1754		1.00
~	~	        42	        43	4508.13081	4.9932e-09	17257		1.00
*	~	        16	        49	4030.29054	1.24487e-07	13710		1.00
*	~	        69	        76	3825.52006	4.77805e-07	1268		1.00
*	~	        13	        52	3795.81886	5.91703e-07	1748		1.00
~	~	        37	        38	3098.21264	6.04846e-05	17215		1.00
~	~	        56	        57	3032.55473	9.52941e-05	14276		1.00
~	~	        70	        73	2777.94949	0.000517734	11851		1.00
*	~	        22	        26	2723.50221	0.000721205	19176		1.00
*	~	        62	        83	2667.84704	0.00106652	1732		1.00
~	~	        16	        37	2262.62967	0.0147971	14288		1.00
~	~	        48	        49	2250.91469	0.0161732	16327		1.00
~	~	        57	        58	2228.77865	0.0187544	11126		1.00
~	~	        41	        49	2175.53102	0.0259593	16367		1.00
~	~	        44	        49	2143.53278	0.0319098	16211		1.00
~	~	        45	        49	2112.78143	0.0392075	16311		1.00
~	~	        30	        53	2075.37359	0.0495845	5542		1.00
