#-------------------------------------------------------------------------------------------------------
# MSA RF01734_red_1 nseq 1267 (1267) alen 64 (64) avgid 58.24 (58.24) nbpairs 0 (0)
# One-set statistical test (all pairs are tested as equivalent) 
#
# contacts  0 (0 bpairs 0 wc bpairs)
#
# Method Target_E-val [cov_min,cov_max] [FP | TP True Found | Sen PPV F] 
# GTp    0.05         [-8.57,1881.72]     [9 | 0 0 9 | 0.00 0.00 0.00] 
#
#       left_pos       right_pos        score          E-value       substitutions      power
#-------------------------------------------------------------------------------------------------------
~	      12	      23	1881.71938	8.28302e-20	1885		1.00
~	      18	      53	1460.32025	1.54262e-14	1629		1.00
~	      35	      43	1418.89467	5.08288e-14	1725		1.00
~	      17	      54	1223.87320	1.36104e-11	862		1.00
~	      36	      42	1040.33461	2.72323e-09	1950		1.00
~	      19	      52	1014.84321	5.70185e-09	1032		1.00
~	      20	      51	807.21180	2.18302e-06	643		1.00
~	      34	      44	743.87748	1.32362e-05	581		1.00
~	      33	      45	637.24601	0.000284385	458		1.00

# The predicted cyk-cov structure
# left_pos      right_pos    substitutions      power
#--------------------------------------------------------
# 7		28		2014		1.00
# 8		27		1832		1.00
# 9		26		1960		1.00
# 10		25		126		0.85
# 11		24		22		0.23
# 12		23		1885		1.00
# 13		22		509		1.00
# 14		21		615		1.00
# 16		55		2		0.00
# 17		54		862		1.00
# 18		53		1629		1.00
# 19		52		1032		1.00
# 20		51		643		1.00
# 21		50		810		1.00
# 33		45		458		1.00
# 34		44		581		1.00
# 35		43		1725		1.00
# 36		42		1950		1.00
#
# BPAIRS 18
# avg substitutions per BP  1036.4
# BPAIRS expected to covary 16.1
# BPAIRS observed to covary 9
#
#
# Method Target_E-val [cov_min,cov_max] [FP | TP True Found | Sen PPV F] 
# GTp    0.05         [-8.57,1881.72]     [0 | 9 18 9 | 50.00 100.00 66.67] 
#
# in_cyk in_given   left_pos       right_pos      score           E-value    substitutions      power
#----------------------------------------------------------------------------------------------------------------
*	~	        12	        23	1881.71938	8.28302e-20	1885		1.00
*	~	        18	        53	1460.32025	1.54262e-14	1629		1.00
*	~	        35	        43	1418.89467	5.08288e-14	1725		1.00
*	~	        17	        54	1223.87320	1.36104e-11	862		1.00
*	~	        36	        42	1040.33461	2.72323e-09	1950		1.00
*	~	        19	        52	1014.84321	5.70185e-09	1032		1.00
*	~	        20	        51	807.21180	2.18302e-06	643		1.00
*	~	        34	        44	743.87748	1.32362e-05	581		1.00
*	~	        33	        45	637.24601	0.000284385	458		1.00
