#-------------------------------------------------------------------------------------------------------
# MSA RF02001_red_1 nseq 2432 (2432) alen 173 (173) avgid 54.19 (54.19) nbpairs 0 (0)
# One-set statistical test (all pairs are tested as equivalent) 
#
# contacts  0 (0 bpairs 0 wc bpairs)
#
# Method Target_E-val [cov_min,cov_max] [FP | TP True Found | Sen PPV F] 
# GTp    0.05         [-7.76,4325.71]     [33 | 0 0 33 | 0.00 0.00 0.00] 
#
#       left_pos       right_pos        score          E-value       substitutions      power
#-------------------------------------------------------------------------------------------------------
~	      64	     144	4325.59125	1.01253e-21	3391		1.00
~	      91	     104	4325.70648	1.01253e-21	3722		1.00
~	      81	     130	4064.18627	4.08234e-20	3765		1.00
~	      79	     132	4038.20489	5.96384e-20	3714		1.00
~	      82	     129	3818.81065	1.31677e-18	3351		1.00
~	      80	     131	3742.81704	3.8514e-18	3921		1.00
~	      41	     159	3664.43923	1.16235e-17	3227		1.00
~	      92	     103	3587.69877	3.39819e-17	3657		1.00
~	      63	     145	3555.56474	5.28522e-17	3311		1.00
~	      75	     136	3479.15857	1.59412e-16	3626		1.00
~	      42	     158	3343.69315	1.05722e-15	3457		1.00
~	       6	      11	2978.54025	1.79563e-13	2523		1.00
~	      50	     147	2889.43650	6.32302e-13	2564		1.00
~	      43	     157	2741.26479	5.04011e-12	3527		1.00
~	      49	     148	2716.08829	7.34974e-12	2709		1.00
~	      52	      58	2684.86290	1.10593e-11	2627		1.00
~	       4	      13	2669.12214	1.37806e-11	2510		1.00
~	      86	     110	2605.56544	3.42747e-11	2467		1.00
~	      65	     143	2594.78214	4.01035e-11	2985		1.00
~	      93	     102	2439.35026	3.49871e-10	3094		1.00
~	      78	     133	2433.38760	3.84401e-10	3724		1.00
~	       3	      14	2409.91027	5.26046e-10	3220		1.00
~	      47	     150	2394.93434	6.55203e-10	3354		1.00
~	      48	     149	2258.56874	4.4336e-09	2325		1.00
~	      83	     128	2074.81946	5.77064e-08	3848		1.00
~	      66	     142	1963.07800	2.75152e-07	1412		1.00
~	      40	     160	1909.97212	5.81835e-07	3886		1.00
~	       2	      15	1812.28929	2.22226e-06	2797		1.00
~	      44	     156	1715.78647	8.46754e-06	3045		1.00
~	       5	      12	1466.53809	0.000272013	2736		1.00
~	      77	     134	1291.35846	0.00299277	3747		1.00
~	      16	      17	1242.46091	0.00586283	2774		1.00
~	       1	      16	1226.54513	0.00725819	3158		1.00

# The predicted cyk-cov structure
# left_pos      right_pos    substitutions      power
#--------------------------------------------------------
# 1		16		3158		1.00
# 2		15		2797		1.00
# 3		14		3220		1.00
# 4		13		2510		1.00
# 5		12		2736		1.00
# 6		11		2523		1.00
# 28		36		1270		1.00
# 29		35		2476		1.00
# 30		34		3130		1.00
# 40		160		3886		1.00
# 41		159		3227		1.00
# 42		158		3457		1.00
# 43		157		3527		1.00
# 44		156		3045		1.00
# 45		155		1457		1.00
# 46		151		2768		1.00
# 47		150		3354		1.00
# 48		149		2325		1.00
# 49		148		2709		1.00
# 50		147		2564		1.00
# 52		58		2627		1.00
# 62		146		1873		1.00
# 63		145		3311		1.00
# 64		144		3391		1.00
# 65		143		2985		1.00
# 66		142		1412		1.00
# 73		138		114		0.82
# 74		137		506		1.00
# 75		136		3626		1.00
# 76		135		3678		1.00
# 77		134		3747		1.00
# 78		133		3724		1.00
# 79		132		3714		1.00
# 80		131		3921		1.00
# 81		130		3765		1.00
# 82		129		3351		1.00
# 83		128		3848		1.00
# 84		112		708		1.00
# 85		111		454		1.00
# 86		110		2467		1.00
# 87		109		1396		1.00
# 90		105		1684		1.00
# 91		104		3722		1.00
# 92		103		3657		1.00
# 93		102		3094		1.00
# 94		101		1088		1.00
# 95		100		1993		1.00
#
# BPAIRS 47
# avg substitutions per BP  2680.7
# BPAIRS expected to covary 46.8
# BPAIRS observed to covary 32
#
#
# Method Target_E-val [cov_min,cov_max] [FP | TP True Found | Sen PPV F] 
# GTp    0.05         [-7.76,4325.71]     [1 | 32 47 33 | 68.09 96.97 80.00] 
#
# in_cyk in_given   left_pos       right_pos      score           E-value    substitutions      power
#----------------------------------------------------------------------------------------------------------------
*	~	        64	       144	4325.59125	1.01253e-21	3391		1.00
*	~	        91	       104	4325.70648	1.01253e-21	3722		1.00
*	~	        81	       130	4064.18627	4.08234e-20	3765		1.00
*	~	        79	       132	4038.20489	5.96384e-20	3714		1.00
*	~	        82	       129	3818.81065	1.31677e-18	3351		1.00
*	~	        80	       131	3742.81704	3.8514e-18	3921		1.00
*	~	        41	       159	3664.43923	1.16235e-17	3227		1.00
*	~	        92	       103	3587.69877	3.39819e-17	3657		1.00
*	~	        63	       145	3555.56474	5.28522e-17	3311		1.00
*	~	        75	       136	3479.15857	1.59412e-16	3626		1.00
*	~	        42	       158	3343.69315	1.05722e-15	3457		1.00
*	~	         6	        11	2978.54025	1.79563e-13	2523		1.00
*	~	        50	       147	2889.43650	6.32302e-13	2564		1.00
*	~	        43	       157	2741.26479	5.04011e-12	3527		1.00
*	~	        49	       148	2716.08829	7.34974e-12	2709		1.00
*	~	        52	        58	2684.86290	1.10593e-11	2627		1.00
*	~	         4	        13	2669.12214	1.37806e-11	2510		1.00
*	~	        86	       110	2605.56544	3.42747e-11	2467		1.00
*	~	        65	       143	2594.78214	4.01035e-11	2985		1.00
*	~	        93	       102	2439.35026	3.49871e-10	3094		1.00
*	~	        78	       133	2433.38760	3.84401e-10	3724		1.00
*	~	         3	        14	2409.91027	5.26046e-10	3220		1.00
*	~	        47	       150	2394.93434	6.55203e-10	3354		1.00
*	~	        48	       149	2258.56874	4.4336e-09	2325		1.00
*	~	        83	       128	2074.81946	5.77064e-08	3848		1.00
*	~	        66	       142	1963.07800	2.75152e-07	1412		1.00
*	~	        40	       160	1909.97212	5.81835e-07	3886		1.00
*	~	         2	        15	1812.28929	2.22226e-06	2797		1.00
*	~	        44	       156	1715.78647	8.46754e-06	3045		1.00
*	~	         5	        12	1466.53809	0.000272013	2736		1.00
*	~	        77	       134	1291.35846	0.00299277	3747		1.00
~	~	        16	        17	1242.46091	0.00586283	2774		1.00
*	~	         1	        16	1226.54513	0.00725819	3158		1.00
