#-------------------------------------------------------------------------------------------------------
# MSA RF01725_SAM-I-IV-variant nseq 437 (437) alen 95 (239) avgid 56.28 (54.53) nbpairs 29 (30)
# Two-set statistical test (one test for annotated basepairs, another for all other pairs)
#
# contacts  29 (29 bpairs 29 wc bpairs)
#
# Method Target_E-val [cov_min,cov_max] [FP | TP True Found | Sen PPV F] 
# GTp    0.05         [-9.34,853.70]     [0 | 21 29 21 | 72.41 100.00 84.00] 
#
#       left_pos       right_pos        score          E-value       substitutions      power
#-------------------------------------------------------------------------------------------------------
*	      19	      48	853.70105	5.68539e-22	543		1.00
*	      20	      47	803.16919	1.48259e-20	756		1.00
*	     172	     218	794.65368	2.58946e-20	677		1.00
*	     171	     219	666.53700	1.0137e-16	514		1.00
*	      18	      49	610.79635	3.69393e-15	317		1.00
*	      66	      86	609.61621	4.02393e-15	647		1.00
*	      65	      87	576.42527	3.41468e-14	511		1.00
*	     170	     220	570.83055	4.80706e-14	244		0.99
*	      17	      51	551.76792	1.66013e-13	619		1.00
*	      21	      46	536.12409	4.4346e-13	705		1.00
*	      54	      97	517.19322	1.52977e-12	455		1.00
*	      62	      92	507.33964	2.90176e-12	341		1.00
*	      75	     233	393.97143	4.21229e-09	606		1.00
*	      76	     232	391.21116	4.9918e-09	696		1.00
*	      74	     234	372.14349	1.70784e-08	653		1.00
*	      77	     231	366.79763	2.39703e-08	705		1.00
*	      53	      98	293.00294	2.59411e-06	516		1.00
*	      15	      52	270.55487	1.07785e-05	237		0.99
*	      73	     235	239.22323	7.61394e-05	652		1.00
*	       7	     167	224.98648	0.000180999	127		0.85
*	       6	     168	139.37419	0.0246809	459		1.00

# The predicted cyk-cov structure
# left_pos      right_pos    substitutions      power
#--------------------------------------------------------
# 6		168		459		1.00
# 7		167		127		0.85
# 8		166		0		0.00
# 9		165		0		0.00
# 10		164		449		1.00
# 15		52		237		0.99
# 17		51		619		1.00
# 18		49		317		1.00
# 19		48		543		1.00
# 20		47		756		1.00
# 21		46		705		1.00
# 53		98		516		1.00
# 54		97		455		1.00
# 55		96		0		0.00
# 58		95		0		0.00
# 59		94		1		0.00
# 60		93		0		0.00
# 62		92		341		1.00
# 64		88		366		1.00
# 65		87		511		1.00
# 66		86		647		1.00
# 73		235		652		1.00
# 74		234		653		1.00
# 75		233		606		1.00
# 76		232		696		1.00
# 77		231		705		1.00
# 170		220		244		0.99
# 171		219		514		1.00
# 172		218		677		1.00
#
# BPAIRS 29
# avg substitutions per BP  406.8
# BPAIRS expected to covary 22.8
# BPAIRS observed to covary 21
#
#
# Method Target_E-val [cov_min,cov_max] [FP | TP True Found | Sen PPV F] 
# GTp    0.05         [-9.34,853.70]     [0 | 21 29 21 | 72.41 100.00 84.00] 
#
# in_cyk in_given   left_pos       right_pos      score           E-value    substitutions      power
#----------------------------------------------------------------------------------------------------------------
*	*	        19	        48	853.70105	5.68539e-22	543		1.00
*	*	        20	        47	803.16919	1.48259e-20	756		1.00
*	*	       172	       218	794.65368	2.58946e-20	677		1.00
*	*	       171	       219	666.53700	1.0137e-16	514		1.00
*	*	        18	        49	610.79635	3.69393e-15	317		1.00
*	*	        66	        86	609.61621	4.02393e-15	647		1.00
*	*	        65	        87	576.42527	3.41468e-14	511		1.00
*	*	       170	       220	570.83055	4.80706e-14	244		0.99
*	*	        17	        51	551.76792	1.66013e-13	619		1.00
*	*	        21	        46	536.12409	4.4346e-13	705		1.00
*	*	        54	        97	517.19322	1.52977e-12	455		1.00
*	*	        62	        92	507.33964	2.90176e-12	341		1.00
*	*	        75	       233	393.97143	4.21229e-09	606		1.00
*	*	        76	       232	391.21116	4.9918e-09	696		1.00
*	*	        74	       234	372.14349	1.70784e-08	653		1.00
*	*	        77	       231	366.79763	2.39703e-08	705		1.00
*	*	        53	        98	293.00294	2.59411e-06	516		1.00
*	*	        15	        52	270.55487	1.07785e-05	237		0.99
*	*	        73	       235	239.22323	7.61394e-05	652		1.00
*	*	         7	       167	224.98648	0.000180999	127		0.85
*	*	         6	       168	139.37419	0.0246809	459		1.00
